error: Error al crear usuario: EntityMetadataNotFoundError: No metadata for "UserEntity" was found. {"email":"juan3@gmail.com","password":"juan","timestamp":"19/Nov/2023:21:45:34 -0400"}
error: El usuario con email: juan31@gmail.com no existe {"timestamp":"20/Nov/2023:18:50:51 -0400"}
error: There is an error in the login process El email o la contraseña son incorrectos {"stack":"Error: El email o la contraseña son incorrectos\n    at AuthService.<anonymous> (C:\\Users\\FER\\Desktop\\backendP1\\CertiBackendParcial1\\parcial1UrlShorten\\shorten-url-app\\src\\app\\services\\authService.ts:23:19)\n    at Generator.next (<anonymous>)\n    at fulfilled (C:\\Users\\FER\\Desktop\\backendP1\\CertiBackendParcial1\\parcial1UrlShorten\\shorten-url-app\\src\\app\\services\\authService.ts:5:58)\n    at processTicksAndRejections (node:internal/process/task_queues:95:5)","timestamp":"20/Nov/2023:18:50:51 -0400"}
error: El usuario con email: juan31@gmail.com no existe {"timestamp":"20/Nov/2023:18:51:07 -0400"}
error: There is an error in the login process El email o la contraseña son incorrectos {"stack":"Error: El email o la contraseña son incorrectos\n    at AuthService.<anonymous> (C:\\Users\\FER\\Desktop\\backendP1\\CertiBackendParcial1\\parcial1UrlShorten\\shorten-url-app\\src\\app\\services\\authService.ts:23:19)\n    at Generator.next (<anonymous>)\n    at fulfilled (C:\\Users\\FER\\Desktop\\backendP1\\CertiBackendParcial1\\parcial1UrlShorten\\shorten-url-app\\src\\app\\services\\authService.ts:5:58)\n    at processTicksAndRejections (node:internal/process/task_queues:95:5)","timestamp":"20/Nov/2023:18:51:07 -0400"}
error: El usuario con email: juan31@gmail.com no existe {"timestamp":"20/Nov/2023:18:51:12 -0400"}
error: There is an error in the login process El email o la contraseña son incorrectos {"stack":"Error: El email o la contraseña son incorrectos\n    at AuthService.<anonymous> (C:\\Users\\FER\\Desktop\\backendP1\\CertiBackendParcial1\\parcial1UrlShorten\\shorten-url-app\\src\\app\\services\\authService.ts:23:19)\n    at Generator.next (<anonymous>)\n    at fulfilled (C:\\Users\\FER\\Desktop\\backendP1\\CertiBackendParcial1\\parcial1UrlShorten\\shorten-url-app\\src\\app\\services\\authService.ts:5:58)\n    at processTicksAndRejections (node:internal/process/task_queues:95:5)","timestamp":"20/Nov/2023:18:51:12 -0400"}
error: Error al actualizar usuario: Error: Hubo un error {"email":"juan2@gmail.com","timestamp":"20/Nov/2023:20:20:43 -0400"}
error: Error al actualizar usuario: Error: Hubo un error {"email":"juan25@gmail.com","timestamp":"20/Nov/2023:20:27:50 -0400"}
error: El usuario con email: juan25@gmail.com no existe {"timestamp":"20/Nov/2023:20:28:28 -0400"}
error: There is an error in the login process El email o la contraseña son incorrectos {"stack":"Error: El email o la contraseña son incorrectos\n    at AuthService.<anonymous> (C:\\Users\\FER\\Desktop\\backendP1\\CertiBackendParcial1\\parcial1UrlShorten\\shorten-url-app\\src\\app\\services\\authService.ts:23:19)\n    at Generator.next (<anonymous>)\n    at fulfilled (C:\\Users\\FER\\Desktop\\backendP1\\CertiBackendParcial1\\parcial1UrlShorten\\shorten-url-app\\src\\app\\services\\authService.ts:5:58)\n    at processTicksAndRejections (node:internal/process/task_queues:95:5)","timestamp":"20/Nov/2023:20:28:28 -0400"}
error: El usuario con email: juan25@gmail.com no existe {"timestamp":"20/Nov/2023:20:28:49 -0400"}
error: There is an error in the login process El email o la contraseña son incorrectos {"stack":"Error: El email o la contraseña son incorrectos\n    at AuthService.<anonymous> (C:\\Users\\FER\\Desktop\\backendP1\\CertiBackendParcial1\\parcial1UrlShorten\\shorten-url-app\\src\\app\\services\\authService.ts:23:19)\n    at Generator.next (<anonymous>)\n    at fulfilled (C:\\Users\\FER\\Desktop\\backendP1\\CertiBackendParcial1\\parcial1UrlShorten\\shorten-url-app\\src\\app\\services\\authService.ts:5:58)\n    at processTicksAndRejections (node:internal/process/task_queues:95:5)","timestamp":"20/Nov/2023:20:28:49 -0400"}
error: Error al actualizar usuario: QueryFailedError: Duplicate entry 'juan25@gmail.com' for key 'user_entity.IDX_415c35b9b3b6fe45a3b065030f' {"password":"juan1","timestamp":"20/Nov/2023:20:35:09 -0400"}
error: La contraseña del usuario es incorrecta {"timestamp":"20/Nov/2023:20:38:20 -0400"}
error: There is an error in the login process El email o la contraseña son incorrectos {"stack":"Error: El email o la contraseña son incorrectos\n    at AuthService.<anonymous> (C:\\Users\\FER\\Desktop\\backendP1\\CertiBackendParcial1\\parcial1UrlShorten\\shorten-url-app\\src\\app\\services\\authService.ts:29:19)\n    at Generator.next (<anonymous>)\n    at fulfilled (C:\\Users\\FER\\Desktop\\backendP1\\CertiBackendParcial1\\parcial1UrlShorten\\shorten-url-app\\src\\app\\services\\authService.ts:5:58)","timestamp":"20/Nov/2023:20:38:20 -0400"}
error: La contraseña del usuario es incorrecta {"timestamp":"20/Nov/2023:20:38:54 -0400"}
error: There is an error in the login process El email o la contraseña son incorrectos {"stack":"Error: El email o la contraseña son incorrectos\n    at AuthService.<anonymous> (C:\\Users\\FER\\Desktop\\backendP1\\CertiBackendParcial1\\parcial1UrlShorten\\shorten-url-app\\src\\app\\services\\authService.ts:29:19)\n    at Generator.next (<anonymous>)\n    at fulfilled (C:\\Users\\FER\\Desktop\\backendP1\\CertiBackendParcial1\\parcial1UrlShorten\\shorten-url-app\\src\\app\\services\\authService.ts:5:58)","timestamp":"20/Nov/2023:20:38:54 -0400"}
error: La contraseña del usuario es incorrecta {"timestamp":"20/Nov/2023:20:38:56 -0400"}
error: There is an error in the login process El email o la contraseña son incorrectos {"stack":"Error: El email o la contraseña son incorrectos\n    at AuthService.<anonymous> (C:\\Users\\FER\\Desktop\\backendP1\\CertiBackendParcial1\\parcial1UrlShorten\\shorten-url-app\\src\\app\\services\\authService.ts:29:19)\n    at Generator.next (<anonymous>)\n    at fulfilled (C:\\Users\\FER\\Desktop\\backendP1\\CertiBackendParcial1\\parcial1UrlShorten\\shorten-url-app\\src\\app\\services\\authService.ts:5:58)","timestamp":"20/Nov/2023:20:38:56 -0400"}
error: La contraseña del usuario es incorrecta {"timestamp":"20/Nov/2023:20:39:00 -0400"}
error: There is an error in the login process El email o la contraseña son incorrectos {"stack":"Error: El email o la contraseña son incorrectos\n    at AuthService.<anonymous> (C:\\Users\\FER\\Desktop\\backendP1\\CertiBackendParcial1\\parcial1UrlShorten\\shorten-url-app\\src\\app\\services\\authService.ts:29:19)\n    at Generator.next (<anonymous>)\n    at fulfilled (C:\\Users\\FER\\Desktop\\backendP1\\CertiBackendParcial1\\parcial1UrlShorten\\shorten-url-app\\src\\app\\services\\authService.ts:5:58)","timestamp":"20/Nov/2023:20:39:00 -0400"}
error: Error al actualizar usuario: Error: Hubo un error {"email":"juan331@gmail.com","timestamp":"20/Nov/2023:20:51:21 -0400"}
error: Error al actualizar usuario: Error: Hubo un error {"email":"juan331@gmail.com","timestamp":"20/Nov/2023:20:51:24 -0400"}
error: El usuario con email: juan33@gmail.com no existe {"timestamp":"20/Nov/2023:21:16:11 -0400"}
error: There is an error in the login process El email o la contraseña son incorrectos {"stack":"Error: El email o la contraseña son incorrectos\n    at AuthService.<anonymous> (C:\\Users\\FER\\Desktop\\backendP1\\CertiBackendParcial1\\parcial1UrlShorten\\shorten-url-app\\src\\app\\services\\authService.ts:23:19)\n    at Generator.next (<anonymous>)\n    at fulfilled (C:\\Users\\FER\\Desktop\\backendP1\\CertiBackendParcial1\\parcial1UrlShorten\\shorten-url-app\\src\\app\\services\\authService.ts:5:58)\n    at processTicksAndRejections (node:internal/process/task_queues:95:5)","timestamp":"20/Nov/2023:21:16:11 -0400"}
error: Error al crear usuario: QueryFailedError: Duplicate entry 'juan333@gmail.com' for key 'user_entity.IDX_415c35b9b3b6fe45a3b065030f' {"email":"juan333@gmail.com","password":"juan","timestamp":"20/Nov/2023:21:18:29 -0400"}
error: Error al crear usuario: QueryFailedError: Duplicate entry 'juan333@gmail.com' for key 'user_entity.IDX_415c35b9b3b6fe45a3b065030f' {"email":"juan333@gmail.com","password":"juan","timestamp":"20/Nov/2023:21:19:20 -0400"}
